<?xml version="1.0" encoding="UTF-8"?>
<!-- Generated by org.testng.reporters.JUnitReportReporter -->
<testsuite hostname="DESKTOP-JCSH58D" failures="0" tests="1" name="test.TC_001_SignupTest" time="10.835" errors="0" timestamp="2025-04-02T21:31:11 IST" skipped="0">
  <testcase classname="test.TC_001_SignupTest" name="signupTest" time="10.835"/>
</testsuite> <!-- test.TC_001_SignupTest -->
